2025-06-30 15:52:41.589 [info] [main] Log level: Info
2025-06-30 15:52:41.590 [info] [main] Validating found git in: "git"
2025-06-30 15:52:41.590 [info] [main] Using git "2.43.0" from "git"
2025-06-30 15:52:41.590 [info] [Model][doInitialScan] Initial repository scan started
2025-06-30 15:52:41.590 [info] > git rev-parse --show-toplevel [20ms]
2025-06-30 15:52:41.590 [info] fatal: not a git repository (or any parent up to mount point /)
Stopping at filesystem boundary (GIT_DISCOVERY_ACROSS_FILESYSTEM not set).
2025-06-30 15:52:41.590 [info] > git rev-parse --show-toplevel [10ms]
2025-06-30 15:52:41.590 [info] fatal: not a git repository (or any parent up to mount point /)
Stopping at filesystem boundary (GIT_DISCOVERY_ACROSS_FILESYSTEM not set).
2025-06-30 15:52:41.603 [info] > git rev-parse --show-toplevel [3ms]
2025-06-30 15:52:41.603 [info] fatal: not a git repository (or any parent up to mount point /)
Stopping at filesystem boundary (GIT_DISCOVERY_ACROSS_FILESYSTEM not set).
2025-06-30 15:52:41.615 [info] > git rev-parse --show-toplevel [3ms]
2025-06-30 15:52:41.616 [info] fatal: not a git repository (or any parent up to mount point /)
Stopping at filesystem boundary (GIT_DISCOVERY_ACROSS_FILESYSTEM not set).
2025-06-30 15:52:41.627 [info] > git rev-parse --show-toplevel [2ms]
2025-06-30 15:52:41.627 [info] fatal: not a git repository (or any parent up to mount point /)
Stopping at filesystem boundary (GIT_DISCOVERY_ACROSS_FILESYSTEM not set).
2025-06-30 15:52:41.639 [info] > git rev-parse --show-toplevel [2ms]
2025-06-30 15:52:41.640 [info] fatal: not a git repository (or any parent up to mount point /)
Stopping at filesystem boundary (GIT_DISCOVERY_ACROSS_FILESYSTEM not set).
2025-06-30 15:52:41.651 [info] > git rev-parse --show-toplevel [2ms]
2025-06-30 15:52:41.651 [info] fatal: not a git repository (or any parent up to mount point /)
Stopping at filesystem boundary (GIT_DISCOVERY_ACROSS_FILESYSTEM not set).
2025-06-30 15:52:41.663 [info] > git rev-parse --show-toplevel [2ms]
2025-06-30 15:52:41.663 [info] fatal: not a git repository (or any parent up to mount point /)
Stopping at filesystem boundary (GIT_DISCOVERY_ACROSS_FILESYSTEM not set).
2025-06-30 15:52:41.674 [info] > git rev-parse --show-toplevel [1ms]
2025-06-30 15:52:41.675 [info] fatal: not a git repository (or any parent up to mount point /)
Stopping at filesystem boundary (GIT_DISCOVERY_ACROSS_FILESYSTEM not set).
2025-06-30 15:52:41.675 [info] [Model][doInitialScan] Initial repository scan completed - repositories (0), closed repositories (0), parent repositories (0), unsafe repositories (0)
