0 verbose cli /usr/local/nvm/versions/node/v22.16.0/bin/node /usr/local/nvm/versions/node/v22.16.0/bin/npm
1 info using npm@11.4.1
2 info using node@v22.16.0
3 silly config load:file:/usr/local/nvm/versions/node/v22.16.0/lib/node_modules/npm/npmrc
4 silly config load:file:/home/mario_botha_mb/learn-coding-with-rugby/.npmrc
5 silly config load:file:/home/mario_botha_mb/.npmrc
6 silly config load:file:/usr/local/nvm/versions/node/v22.16.0/etc/npmrc
7 verbose title npm create vite@latest . --template react
8 verbose argv "create" "vite@latest" "." "--" "--template" "react"
9 verbose logfile logs-max:10 dir:/home/mario_botha_mb/.npm/_logs/2025-06-30T10_59_04_769Z-
10 verbose logfile /home/mario_botha_mb/.npm/_logs/2025-06-30T10_59_04_769Z-debug-0.log
11 silly logfile done cleaning log files
12 silly packumentCache heap:2197815296 maxSize:549453824 maxEntrySize:274726912
13 http fetch GET 200 https://registry.npmjs.org/create-vite 153ms (cache miss)
14 silly packumentCache heap:2197815296 maxSize:549453824 maxEntrySize:274726912
15 silly idealTree buildDeps
16 silly fetch manifest create-vite@7.0.0
17 silly packumentCache full:https://registry.npmjs.org/create-vite cache-miss
18 http fetch GET 200 https://registry.npmjs.org/create-vite 40ms (cache miss)
19 silly packumentCache full:https://registry.npmjs.org/create-vite set size:undefined disposed:false
20 silly placeDep ROOT create-vite@7.0.0 OK for:  want: 7.0.0
21 silly reify moves {}
22 silly audit bulk request { 'create-vite': [ '7.0.0' ] }
23 http cache create-vite@https://registry.npmjs.org/create-vite/-/create-vite-7.0.0.tgz 1ms (cache hit)
24 silly tarball no local data for create-vite@https://registry.npmjs.org/create-vite/-/create-vite-7.0.0.tgz. Extracting by manifest.
25 http fetch GET 200 https://registry.npmjs.org/create-vite/-/create-vite-7.0.0.tgz 174ms (cache miss)
26 http fetch POST 200 https://registry.npmjs.org/-/npm/v1/security/advisories/bulk 204ms
27 silly audit report {}
28 verbose cwd /home/mario_botha_mb/learn-coding-with-rugby
29 verbose os Linux 6.6.87+
30 verbose node v22.16.0
31 verbose npm  v11.4.1
32 verbose exit 0
33 info ok
