2025-06-30 10:34:19.752 [info] Extension host with pid 1813 started
2025-06-30 10:34:19.763 [info] Lock '/home/mario_botha_mb/.codeoss/data/User/workspaceStorage/-614209d1/vscode.lock': Lock acquired.
2025-06-30 10:34:20.541 [info] ExtensionService#_doActivateExtension vscode.emmet, startup: false, activationEvent: 'onLanguage'
2025-06-30 10:34:20.836 [info] ExtensionService#_doActivateExtension vscode.git-base, startup: true, activationEvent: '*', root cause: vscode.git
2025-06-30 10:34:21.420 [info] ExtensionService#_doActivateExtension vscode.git, startup: true, activationEvent: '*'
2025-06-30 10:34:21.421 [info] ExtensionService#_doActivateExtension vscode.github, startup: true, activationEvent: '*'
2025-06-30 10:34:22.187 [info] Eager extensions activated
2025-06-30 10:34:22.187 [info] ExtensionService#_doActivateExtension EditorConfig.EditorConfig, startup: false, activationEvent: 'onStartupFinished'
2025-06-30 10:34:22.188 [info] ExtensionService#_doActivateExtension google.cloud-shell, startup: false, activationEvent: 'onStartupFinished'
2025-06-30 10:34:22.188 [info] ExtensionService#_doActivateExtension google.geminicodeassist, startup: false, activationEvent: 'onStartupFinished', root cause: googlecloudtools.cloudcode
2025-06-30 10:34:22.189 [info] ExtensionService#_doActivateExtension vscode.debug-auto-launch, startup: false, activationEvent: 'onStartupFinished'
2025-06-30 10:34:22.189 [info] ExtensionService#_doActivateExtension vscode.merge-conflict, startup: false, activationEvent: 'onStartupFinished'
2025-06-30 10:34:27.473 [info] ExtensionService#_doActivateExtension vscode.configuration-editing, startup: false, activationEvent: 'onLanguage:jsonc'
2025-06-30 10:34:27.474 [info] ExtensionService#_doActivateExtension vscode.json-language-features, startup: false, activationEvent: 'onLanguage:jsonc'
2025-06-30 10:34:27.474 [info] ExtensionService#_doActivateExtension vscode.typescript-language-features, startup: false, activationEvent: 'onLanguage:jsonc'
2025-06-30 10:34:27.647 [info] ExtensionService#_doActivateExtension googlecloudtools.cloudcode, startup: false, activationEvent: 'onStartupFinished'
2025-06-30 10:34:29.810 [error] onWillSaveTextDocument-listener from extension 'EditorConfig.EditorConfig' threw ERROR
2025-06-30 10:34:29.817 [error] Error: timeout
    at Timeout._onTimeout (file:///google/devshell/editor/code-oss-for-cloud-shell/out/vs/workbench/api/node/extensionHostProcess.js:135:108282)
    at listOnTimeout (node:internal/timers:581:17)
    at processTimers (node:internal/timers:519:7)
2025-06-30 11:11:05.765 [info] Extension host terminating: received terminate message from renderer
2025-06-30 11:11:05.766 [info] Lock '/home/mario_botha_mb/.codeoss/data/User/workspaceStorage/-614209d1/vscode.lock': Marking the lockfile as scheduled to be released in 6000 ms.
2025-06-30 11:11:05.806 [info] Extension host with pid 1813 exiting with code 0
