2025-06-30 11:12:28.300 [info] [main] Log level: Info
2025-06-30 11:12:28.300 [info] [main] Validating found git in: "git"
2025-06-30 11:12:28.300 [info] [main] Using git "2.43.0" from "git"
2025-06-30 11:12:28.300 [info] [Model][doInitialScan] Initial repository scan started
2025-06-30 11:12:28.300 [info] > git rev-parse --show-toplevel [3ms]
2025-06-30 11:12:28.300 [info] fatal: not a git repository (or any parent up to mount point /)
Stopping at filesystem boundary (GIT_DISCOVERY_ACROSS_FILESYSTEM not set).
2025-06-30 11:12:28.300 [info] > git rev-parse --show-toplevel [2ms]
2025-06-30 11:12:28.300 [info] fatal: not a git repository (or any parent up to mount point /)
Stopping at filesystem boundary (GIT_DISCOVERY_ACROSS_FILESYSTEM not set).
2025-06-30 11:12:28.300 [info] > git rev-parse --show-toplevel [1ms]
2025-06-30 11:12:28.300 [info] fatal: not a git repository (or any parent up to mount point /)
Stopping at filesystem boundary (GIT_DISCOVERY_ACROSS_FILESYSTEM not set).
2025-06-30 11:12:28.300 [info] > git rev-parse --show-toplevel [2ms]
2025-06-30 11:12:28.300 [info] fatal: not a git repository (or any parent up to mount point /)
Stopping at filesystem boundary (GIT_DISCOVERY_ACROSS_FILESYSTEM not set).
2025-06-30 11:12:28.300 [info] > git rev-parse --show-toplevel [1ms]
2025-06-30 11:12:28.300 [info] fatal: not a git repository (or any parent up to mount point /)
Stopping at filesystem boundary (GIT_DISCOVERY_ACROSS_FILESYSTEM not set).
2025-06-30 11:12:28.300 [info] > git rev-parse --show-toplevel [1ms]
2025-06-30 11:12:28.300 [info] fatal: not a git repository (or any parent up to mount point /)
Stopping at filesystem boundary (GIT_DISCOVERY_ACROSS_FILESYSTEM not set).
2025-06-30 11:12:28.300 [info] > git rev-parse --show-toplevel [2ms]
2025-06-30 11:12:28.300 [info] fatal: not a git repository (or any parent up to mount point /)
Stopping at filesystem boundary (GIT_DISCOVERY_ACROSS_FILESYSTEM not set).
2025-06-30 11:12:28.300 [info] > git rev-parse --show-toplevel [1ms]
2025-06-30 11:12:28.300 [info] fatal: not a git repository (or any parent up to mount point /)
Stopping at filesystem boundary (GIT_DISCOVERY_ACROSS_FILESYSTEM not set).
2025-06-30 11:12:28.300 [info] [Model][doInitialScan] Initial repository scan completed - repositories (0), closed repositories (0), parent repositories (0), unsafe repositories (0)
2025-06-30 11:12:37.689 [info] > git rev-parse --show-toplevel [32ms]
2025-06-30 11:12:37.689 [info] fatal: not a git repository (or any parent up to mount point /)
Stopping at filesystem boundary (GIT_DISCOVERY_ACROSS_FILESYSTEM not set).
2025-06-30 11:12:37.705 [info] > git rev-parse --show-toplevel [1ms]
2025-06-30 11:12:37.705 [info] fatal: not a git repository (or any parent up to mount point /)
Stopping at filesystem boundary (GIT_DISCOVERY_ACROSS_FILESYSTEM not set).
2025-06-30 11:12:37.721 [info] > git rev-parse --show-toplevel [2ms]
2025-06-30 11:12:37.721 [info] fatal: not a git repository (or any parent up to mount point /)
Stopping at filesystem boundary (GIT_DISCOVERY_ACROSS_FILESYSTEM not set).
2025-06-30 11:13:26.504 [info] > git rev-parse --show-toplevel [4ms]
2025-06-30 11:13:26.504 [info] fatal: not a git repository (or any parent up to mount point /)
Stopping at filesystem boundary (GIT_DISCOVERY_ACROSS_FILESYSTEM not set).
